<?xml version="1.0" encoding="UTF-8"?>
<!-- Generated by org.testng.reporters.JUnitReportReporter -->
<testsuite hostname="PF1L9UK7" failures="0" tests="2" name="com.springernature.qa.sanity.HomeTest" time="5.541" errors="0" timestamp="2023-07-12T14:38:23 IST" skipped="0">
  <testcase classname="com.springernature.qa.sanity.HomeTest" name="checkhomepage" time="0.255"/>
  <system-out/>
  <testcase classname="com.springernature.qa.sanity.HomeTest" name="loadCA" time="5.286"/>
  <system-out/>
</testsuite> <!-- com.springernature.qa.sanity.HomeTest -->
