<?xml version="1.0" encoding="UTF-8"?>
<!-- Generated by org.testng.reporters.JUnitReportReporter -->
<testsuite hostname="PF1L9UK7" failures="0" tests="7" name="com.springernature.qa.sanity.CAtest" time="53.194" errors="0" timestamp="2023-07-12T14:38:23 IST" skipped="0">
  <testcase classname="com.springernature.qa.sanity.CAtest" name="checkCA" time="0.441"/>
  <system-out/>
  <testcase classname="com.springernature.qa.sanity.CAtest" name="shelf" time="10.781"/>
  <system-out/>
  <testcase classname="com.springernature.qa.sanity.CAtest" name="incoming" time="10.738"/>
  <system-out/>
  <testcase classname="com.springernature.qa.sanity.CAtest" name="query" time="10.738"/>
  <system-out/>
  <testcase classname="com.springernature.qa.sanity.CAtest" name="QC" time="10.750"/>
  <system-out/>
  <testcase classname="com.springernature.qa.sanity.CAtest" name="ItemSearch" time="9.017"/>
  <system-out/>
  <testcase classname="com.springernature.qa.sanity.CAtest" name="CAclose" time="0.729"/>
  <system-out/>
</testsuite> <!-- com.springernature.qa.sanity.CAtest -->
